0 info it worked if it ends with ok
1 verbose cli [ 'C:\\Program Files\\nodejs\\node.exe',
1 verbose cli   'C:\\Program Files\\nodejs\\node_modules\\npm\\bin\\npm-cli.js',
1 verbose cli   'init',
1 verbose cli   '-y' ]
2 info using npm@3.10.10
3 info using node@v6.9.4
4 verbose config Skipping project config: C:\Users\joshua/.npmrc. (matches userconfig)
5 silly package data undefined
6 info init written successfully
7 verbose stack Error: Invalid name: "Dream Circuits Inventory System"
7 verbose stack     at ensureValidName (C:\Program Files\nodejs\node_modules\npm\node_modules\normalize-package-data\lib\fixer.js:336:15)
7 verbose stack     at Object.fixNameField (C:\Program Files\nodejs\node_modules\npm\node_modules\normalize-package-data\lib\fixer.js:215:5)
7 verbose stack     at C:\Program Files\nodejs\node_modules\npm\node_modules\normalize-package-data\lib\normalize.js:32:38
7 verbose stack     at Array.forEach (native)
7 verbose stack     at normalize (C:\Program Files\nodejs\node_modules\npm\node_modules\normalize-package-data\lib\normalize.js:31:15)
7 verbose stack     at final (C:\Program Files\nodejs\node_modules\npm\node_modules\read-package-json\read-json.js:349:5)
7 verbose stack     at then (C:\Program Files\nodejs\node_modules\npm\node_modules\read-package-json\read-json.js:124:5)
7 verbose stack     at ReadFileContext.<anonymous> (C:\Program Files\nodejs\node_modules\npm\node_modules\read-package-json\read-json.js:308:29)
7 verbose stack     at ReadFileContext.callback (C:\Program Files\nodejs\node_modules\npm\node_modules\graceful-fs\graceful-fs.js:78:16)
7 verbose stack     at FSReqWrap.readFileAfterOpen [as oncomplete] (fs.js:365:13)
8 verbose cwd C:\Users\joshua\Desktop\Dream Circuits Inventory System
9 error Windows_NT 10.0.15063
10 error argv "C:\\Program Files\\nodejs\\node.exe" "C:\\Program Files\\nodejs\\node_modules\\npm\\bin\\npm-cli.js" "init" "-y"
11 error node v6.9.4
12 error npm  v3.10.10
13 error Invalid name: "Dream Circuits Inventory System"
14 error If you need help, you may report this error at:
14 error     <https://github.com/npm/npm/issues>
15 verbose exit [ 1, true ]
